Server listening on PORT: 80
Connected to Mongo database.
[0mGET / [32m200 [0m20.768 ms - 2639[0m
[0mGET / [32m200 [0m3.442 ms - 2639[0m
[0mGET /stylesheets/dist/styles.css [32m200 [0m2.972 ms - 3405[0m
[0mGET /vendor/font-awesome/css/font-awesome.min.css [32m200 [0m2.958 ms - 26711[0m
[0mGET /vendor/ng-image-gallery/dist/ng-image-gallery.css [32m200 [0m3.169 ms - 33732[0m
[0mGET /vendor/underscore/underscore.js [32m200 [0m0.802 ms - 52919[0m
[0mGET /vendor/bootstrap-3.3.2/css/bootstrap.css [32m200 [0m5.540 ms - 147430[0m
[0mGET /vendor/angular/angular.min.js [32m200 [0m1.387 ms - 147026[0m
[0mGET /vendor/angular-sanitize/angular-sanitize.js [32m200 [0m5.153 ms - 24553[0m
[0mGET /vendor/angular-animate/angular-animate.js [32m200 [0m0.916 ms - 149542[0m
[0mGET /vendor/angular-resource/angular-resource.js [32m200 [0m1.413 ms - 27190[0m
[0mGET /vendor/angular-route/angular-route.js [32m200 [0m0.945 ms - 35884[0m
[0mGET /vendor/angular-no-captcha/angular-no-captcha.min.js [32m200 [0m0.894 ms - 1785[0m
[0mGET /vendor/jquery/jquery.js [32m200 [0m0.952 ms - 247597[0m
[0mGET /vendor/angular-ui-utils/ui-utils.js [32m200 [0m2.086 ms - 83569[0m
[0mGET /vendor/angular-ui-select/select.js [32m200 [0m1.491 ms - 76395[0m
[0mGET /vendor/angular-nvd3/angular-nvd3.js [32m200 [0m0.713 ms - 20497[0m
[0mGET /vendor/ng-image-gallery/dist/ng-image-gallery.js [32m200 [0m0.788 ms - 21001[0m
[0mGET /vendor/angular-ui-router/angular-ui-router.js [32m200 [0m0.629 ms - 162920[0m
[0mGET /vendor/angular-ui-bootstrap/dist/ui-bootstrap.js [32m200 [0m2.011 ms - 220056[0m
[0mGET /vendor/ng-file-upload/ng-file-upload.js [32m200 [0m1.191 ms - 81683[0m
[0mGET /vendor/ng-lodash/ng-lodash.js [32m200 [0m0.829 ms - 411333[0m
[0mGET /vendor/angular-ui-bootstrap/dist/ui-bootstrap-tpls.js [32m200 [0m1.509 ms - 247651[0m
[0mGET /vendor/angular-route/angular-route.js [36m304 [0m5.491 ms - -[0m
[0mGET /vendor/ng-image-gallery/dist/ng-image-gallery.js [36m304 [0m6.525 ms - -[0m
[0mGET /vendor/angular-no-captcha/angular-no-captcha.min.js [36m304 [0m6.860 ms - -[0m
[0mGET /vendor/ng-image-gallery/dist/ng-image-gallery.css [36m304 [0m6.918 ms - -[0m
[0mGET /vendor/ng-file-upload/ng-file-upload.js [32m200 [0m3.661 ms - 81683[0m
[0mGET /vendor/angular-spinner/angular-spinner.js [32m200 [0m0.724 ms - 2867[0m
[0mGET /javascript/dist/all.js [32m200 [0m0.740 ms - 72045[0m
[0mGET /vendor/underscore/underscore.js [36m304 [0m1.349 ms - -[0m
[0mGET /vendor/angular-animate/angular-animate.js [36m304 [0m2.784 ms - -[0m
[0mGET /vendor/angular/angular.min.js [36m304 [0m1.111 ms - -[0m
[0mGET /vendor/bootstrap-3.3.2/css/bootstrap.css [36m304 [0m1.530 ms - -[0m
[0mGET /vendor/angular-ui-bootstrap/dist/ui-bootstrap.js [32m200 [0m3.671 ms - 220056[0m
[0mGET /vendor/angular-ui-router/angular-ui-router.js [36m304 [0m3.013 ms - -[0m
[0mGET /vendor/angular-nvd3/angular-nvd3.js [36m304 [0m1.246 ms - -[0m
[0mGET /vendor/angular-sanitize/angular-sanitize.js [36m304 [0m1.212 ms - -[0m
[0mGET /vendor/angular-ui-select/select.js [36m304 [0m1.086 ms - -[0m
[0mGET /vendor/angular-ui-utils/ui-utils.js [36m304 [0m1.358 ms - -[0m
[0mGET /vendor/jquery/jquery.js [36m304 [0m1.536 ms - -[0m
[0mGET /stylesheets/dist/styles.css [36m304 [0m2.517 ms - -[0m
[0mGET /vendor/font-awesome/css/font-awesome.min.css [36m304 [0m1.046 ms - -[0m
[0mGET /vendor/angular-resource/angular-resource.js [36m304 [0m1.458 ms - -[0m
[0mGET /vendor/angular-ui-bootstrap/dist/ui-bootstrap-tpls.js [32m200 [0m3.602 ms - 247651[0m
[0mGET /vendor/ng-lodash/ng-lodash.js [32m200 [0m3.604 ms - 411333[0m
[0mGET /templates/home.html [32m200 [0m0.765 ms - 835[0m
[0mGET /templates/pageBanner.html [32m200 [0m0.741 ms - 649[0m
[0mGET /templates/widgets/tree.html [32m200 [0m0.586 ms - 597[0m
[0mGET /images/texasfossils_white_2.png [32m200 [0m0.665 ms - 5433[0m
[0mGET /templates/menu/menu.html [32m200 [0m0.827 ms - 2467[0m
[0mGET /%7B%7Bitem.image.url%7D%7D [33m404 [0m4.835 ms - 2070[0m
[0mGET /vendor/font-awesome/fonts/fontawesome-webfont.woff2?v=4.4.0 [32m200 [0m0.738 ms - 64464[0m
[0mGET /images/leather.png [32m200 [0m0.754 ms - 77720[0m
[0mGET /images/kris03.jpg [32m200 [0m0.900 ms - 40492[0m
[0mGET /images/kris02.jpg [32m200 [0m0.808 ms - 136839[0m
[0mGET /images/kris01.jpg [32m200 [0m5.878 ms - 166281[0m
[0mGET /templates/menu/aboutme.html [32m200 [0m1.079 ms - 385[0m
[0mGET /images/aboutme.jpg [32m200 [0m0.807 ms - 229587[0m
[0mGET /templates/menu/discoveries/discoveries.html [32m200 [0m1.421 ms - 85[0m
[0mGET /templates/menu/discoveries/flexo.html [32m200 [0m1.061 ms - 144[0m
[0mGET /templates/widgets/discovery.html [32m200 [0m0.692 ms - 460[0m
[0mGET /images/aboutme.jpg [36m304 [0m2.797 ms - -[0m
[0mGET /images/flexo_conf_small.jpg [32m200 [0m0.822 ms - 105795[0m
[0mGET /images/flexo_conf_2.jpg [32m200 [0m4.058 ms - 132847[0m
[0mGET /images/flexo_times_square.jpg [32m200 [0m3.612 ms - 154393[0m
[0mGET /templates/menu/discoveries/xiphactinus.html [32m200 [0m1.483 ms - 144[0m
[0mGET /images/xiphactinus_mount.jpg [32m200 [0m1.534 ms - 102550[0m
[0mGET /images/xiphactinus_jaws_small.jpg [32m200 [0m0.700 ms - 565831[0m
[0mGET /images/xiphactinus_jaws_complete.jpg [32m200 [0m1.821 ms - 890277[0m
